{"level":"info","message":"[mb:5000] mountebank v2.5.0 now taking orders - point your browser to http://localhost:5000/ for help","timestamp":"2021-10-26T06:00:18.158Z"}
{"level":"info","message":"[mb:5000] POST /imposters","timestamp":"2021-10-26T06:00:18.197Z"}
{"level":"info","message":"[http:5004] Open for business...","timestamp":"2021-10-26T06:00:18.214Z"}
{"level":"info","message":"[mb:5000] POST /imposters","timestamp":"2021-10-26T06:00:18.218Z"}
{"level":"error","message":"[mb:5000] error creating imposter: {\"code\":\"EADDRINUSE\",\"errno\":-48,\"syscall\":\"listen\",\"address\":\"::\",\"port\":5004,\"message\":\"listen EADDRINUSE: address already in use :::5004\",\"name\":\"Error\",\"stack\":\"Error: listen EADDRINUSE: address already in use :::5004\\n    at Server.setupListenHandle [as _listen2] (node:net:1319:16)\\n    at listenInCluster (node:net:1367:12)\\n    at Server.listen (node:net:1454:7)\\n    at /Users/avinash/Projects/other/NodeDemo/node_modules/mountebank/src/models/http/baseHttpServer.js:167:20\\n    at new Promise (<anonymous>)\\n    at create (/Users/avinash/Projects/other/NodeDemo/node_modules/mountebank/src/models/http/baseHttpServer.js:151:16)\\n    at Object.createServer (/Users/avinash/Projects/other/NodeDemo/node_modules/mountebank/src/models/protocols.js:23:34)\\n    at /Users/avinash/Projects/other/NodeDemo/node_modules/mountebank/src/models/imposter.js:175:22\\n    at new Promise (<anonymous>)\\n    at Object.create (/Users/avinash/Projects/other/NodeDemo/node_modules/mountebank/src/models/imposter.js:169:12)\"}","timestamp":"2021-10-26T06:00:18.221Z"}
{"level":"info","message":"[mb:5000] POST /imposters","timestamp":"2021-10-26T06:00:18.222Z"}
{"level":"error","message":"[mb:5000] error creating imposter: {\"code\":\"EADDRINUSE\",\"errno\":-48,\"syscall\":\"listen\",\"address\":\"::\",\"port\":5004,\"message\":\"listen EADDRINUSE: address already in use :::5004\",\"name\":\"Error\",\"stack\":\"Error: listen EADDRINUSE: address already in use :::5004\\n    at Server.setupListenHandle [as _listen2] (node:net:1319:16)\\n    at listenInCluster (node:net:1367:12)\\n    at Server.listen (node:net:1454:7)\\n    at /Users/avinash/Projects/other/NodeDemo/node_modules/mountebank/src/models/http/baseHttpServer.js:167:20\\n    at new Promise (<anonymous>)\\n    at create (/Users/avinash/Projects/other/NodeDemo/node_modules/mountebank/src/models/http/baseHttpServer.js:151:16)\\n    at Object.createServer (/Users/avinash/Projects/other/NodeDemo/node_modules/mountebank/src/models/protocols.js:23:34)\\n    at /Users/avinash/Projects/other/NodeDemo/node_modules/mountebank/src/models/imposter.js:175:22\\n    at new Promise (<anonymous>)\\n    at Object.create (/Users/avinash/Projects/other/NodeDemo/node_modules/mountebank/src/models/imposter.js:169:12)\"}","timestamp":"2021-10-26T06:00:18.224Z"}
{"level":"info","message":"[mb:5000] POST /imposters","timestamp":"2021-10-26T06:00:18.224Z"}
{"level":"error","message":"[mb:5000] error creating imposter: {\"code\":\"EADDRINUSE\",\"errno\":-48,\"syscall\":\"listen\",\"address\":\"::\",\"port\":5004,\"message\":\"listen EADDRINUSE: address already in use :::5004\",\"name\":\"Error\",\"stack\":\"Error: listen EADDRINUSE: address already in use :::5004\\n    at Server.setupListenHandle [as _listen2] (node:net:1319:16)\\n    at listenInCluster (node:net:1367:12)\\n    at Server.listen (node:net:1454:7)\\n    at /Users/avinash/Projects/other/NodeDemo/node_modules/mountebank/src/models/http/baseHttpServer.js:167:20\\n    at new Promise (<anonymous>)\\n    at create (/Users/avinash/Projects/other/NodeDemo/node_modules/mountebank/src/models/http/baseHttpServer.js:151:16)\\n    at Object.createServer (/Users/avinash/Projects/other/NodeDemo/node_modules/mountebank/src/models/protocols.js:23:34)\\n    at /Users/avinash/Projects/other/NodeDemo/node_modules/mountebank/src/models/imposter.js:175:22\\n    at new Promise (<anonymous>)\\n    at Object.create (/Users/avinash/Projects/other/NodeDemo/node_modules/mountebank/src/models/imposter.js:169:12)\"}","timestamp":"2021-10-26T06:00:18.226Z"}
{"level":"info","message":"[mb:5000] POST /imposters","timestamp":"2021-10-26T06:00:18.228Z"}
{"level":"error","message":"[mb:5000] error creating imposter: {\"code\":\"EADDRINUSE\",\"errno\":-48,\"syscall\":\"listen\",\"address\":\"::\",\"port\":5004,\"message\":\"listen EADDRINUSE: address already in use :::5004\",\"name\":\"Error\",\"stack\":\"Error: listen EADDRINUSE: address already in use :::5004\\n    at Server.setupListenHandle [as _listen2] (node:net:1319:16)\\n    at listenInCluster (node:net:1367:12)\\n    at Server.listen (node:net:1454:7)\\n    at /Users/avinash/Projects/other/NodeDemo/node_modules/mountebank/src/models/http/baseHttpServer.js:167:20\\n    at new Promise (<anonymous>)\\n    at create (/Users/avinash/Projects/other/NodeDemo/node_modules/mountebank/src/models/http/baseHttpServer.js:151:16)\\n    at Object.createServer (/Users/avinash/Projects/other/NodeDemo/node_modules/mountebank/src/models/protocols.js:23:34)\\n    at /Users/avinash/Projects/other/NodeDemo/node_modules/mountebank/src/models/imposter.js:175:22\\n    at new Promise (<anonymous>)\\n    at Object.create (/Users/avinash/Projects/other/NodeDemo/node_modules/mountebank/src/models/imposter.js:169:12)\"}","timestamp":"2021-10-26T06:00:18.230Z"}
{"level":"info","message":"[http:5004] ::1:53230 => GET /api/rx/prescriptions/312009","timestamp":"2021-10-26T06:00:28.369Z"}
{"level":"info","message":"[http:5004] ::1:53232 => GET /api/rx/prescriptions/312009","timestamp":"2021-10-26T06:00:29.340Z"}
{"level":"info","message":"[http:5004] ::1:53234 => GET /api/fs/prescriptions/ids","timestamp":"2021-10-26T06:00:35.139Z"}
{"level":"info","message":"[http:5004] no predicate match, using default response","timestamp":"2021-10-26T06:00:35.140Z"}
{"level":"info","message":"[http:5004] ::1:53236 => GET /api/fs/prescriptions/ids","timestamp":"2021-10-26T06:00:36.041Z"}
{"level":"info","message":"[http:5004] no predicate match, using default response","timestamp":"2021-10-26T06:00:36.042Z"}
{"level":"info","message":"[http:5004] ::1:53238 => GET /zips/zipcode","timestamp":"2021-10-26T06:00:39.607Z"}
{"level":"info","message":"[http:5004] no predicate match, using default response","timestamp":"2021-10-26T06:00:39.608Z"}
{"level":"info","message":"[http:5004] ::1:53240 => GET /zips/zipcode","timestamp":"2021-10-26T06:00:40.400Z"}
{"level":"info","message":"[http:5004] no predicate match, using default response","timestamp":"2021-10-26T06:00:40.401Z"}
{"level":"info","message":"[http:5004] ::1:53243 => GET /partners/locations","timestamp":"2021-10-26T06:01:07.232Z"}
{"level":"info","message":"[http:5004] no predicate match, using default response","timestamp":"2021-10-26T06:01:07.234Z"}
{"level":"info","message":"[http:5004] ::1:53245 => GET /partners/locations","timestamp":"2021-10-26T06:01:08.283Z"}
{"level":"info","message":"[http:5004] no predicate match, using default response","timestamp":"2021-10-26T06:01:08.284Z"}
{"level":"info","message":"[http:5004] ::1:53248 => GET /api/rx/prescriptions/312009","timestamp":"2021-10-26T06:01:21.499Z"}
{"level":"info","message":"[http:5004] ::1:53258 => GET /zips/zipcode","timestamp":"2021-10-26T06:01:36.971Z"}
{"level":"info","message":"[http:5004] no predicate match, using default response","timestamp":"2021-10-26T06:01:36.973Z"}
