{"level":"info","message":"[mb:2525] mountebank v2.5.0 now taking orders - point your browser to http://localhost:2525/ for help","timestamp":"2021-12-21T07:09:32.348Z"}
{"level":"info","message":"[mb:2525] POST /imposters","timestamp":"2021-12-21T07:09:32.392Z"}
{"level":"info","message":"[http:5001] Open for business...","timestamp":"2021-12-21T07:09:32.408Z"}
{"level":"info","message":"[mb:2525] POST /imposters","timestamp":"2021-12-21T07:09:32.413Z"}
{"level":"info","message":"[http:5002] Open for business...","timestamp":"2021-12-21T07:09:32.415Z"}
{"level":"info","message":"[mb:2525] POST /imposters","timestamp":"2021-12-21T07:09:32.416Z"}
{"level":"info","message":"[http:5003] Open for business...","timestamp":"2021-12-21T07:09:32.431Z"}
{"level":"info","message":"[mb:2525] POST /imposters","timestamp":"2021-12-21T07:09:32.433Z"}
{"level":"info","message":"[http:5004] Open for business...","timestamp":"2021-12-21T07:09:32.436Z"}
{"level":"info","message":"[http:5004] ::1:53795 => POST /api/ps/v1/patient_profiles","timestamp":"2021-12-21T07:09:37.008Z"}
{"level":"info","message":"[http:5004] no predicate match, using default response","timestamp":"2021-12-21T07:09:37.012Z"}
{"level":"info","message":"[http:5004] ::1:53797 => POST /api/ps/v1/patient_profiles","timestamp":"2021-12-21T07:09:38.035Z"}
{"level":"info","message":"[http:5004] no predicate match, using default response","timestamp":"2021-12-21T07:09:38.037Z"}
{"level":"info","message":"[http:5004] ::1:53799 => POST /api/ps/v1/patient_profiles","timestamp":"2021-12-21T07:09:38.787Z"}
{"level":"info","message":"[http:5004] no predicate match, using default response","timestamp":"2021-12-21T07:09:38.788Z"}
{"level":"info","message":"[http:5004] ::1:53801 => POST /api/ps/v1/patient_profiles","timestamp":"2021-12-21T07:09:39.332Z"}
{"level":"info","message":"[http:5004] no predicate match, using default response","timestamp":"2021-12-21T07:09:39.333Z"}
{"level":"info","message":"[http:5004] ::1:53803 => POST /api/ps/v1/patient_profiles","timestamp":"2021-12-21T07:09:39.639Z"}
{"level":"info","message":"[http:5004] no predicate match, using default response","timestamp":"2021-12-21T07:09:39.640Z"}
{"level":"info","message":"[http:5004] ::1:53805 => POST /api/ps/v1/patient-profiles","timestamp":"2021-12-21T07:09:45.216Z"}
{"level":"info","message":"[http:5004] ::1:53918 => POST /api/ps/v1/patient-profiles","timestamp":"2021-12-21T07:36:14.555Z"}
